0 verbose cli C:\Program Files\node.exe C:\Program Files\node_modules\npm\bin\npm-cli.js
1 info using npm@10.9.2
2 info using node@v22.14.0
3 silly config load:file:C:\Program Files\node_modules\npm\npmrc
4 silly config load:file:C:\Users\Usuário\Documents\EBAC\python\Projeto 04\clone_disneyplus\.npmrc
5 silly config load:file:C:\Users\Usuário\.npmrc
6 silly config load:file:C:\Users\Usuário\AppData\Roaming\npm\etc\npmrc
7 verbose title npm install sass
8 verbose argv "install" "--save-dev" "sass"
9 verbose logfile logs-max:10 dir:C:\Users\Usuário\Documents\EBAC\python\Projeto 04\clone_disneyplus\UsersDESKTOP-U9J66QUAppDataLocalnpm-cache\_logs\2025-03-26T17_49_47_355Z-
10 verbose logfile C:\Users\Usuário\Documents\EBAC\python\Projeto 04\clone_disneyplus\UsersDESKTOP-U9J66QUAppDataLocalnpm-cache\_logs\2025-03-26T17_49_47_355Z-debug-0.log
11 silly logfile done cleaning log files
12 silly packumentCache heap:4345298944 maxSize:1086324736 maxEntrySize:543162368
13 silly idealTree buildDeps
14 silly fetch manifest sass@*
15 silly packumentCache full:https://registry.npmjs.org/sass cache-miss
16 http fetch GET 200 https://registry.npmjs.org/sass 376ms (cache miss)
17 silly packumentCache full:https://registry.npmjs.org/sass set size:undefined disposed:false
18 silly placeDep ROOT sass@1.86.0 OK for: clone_disneyplus@1.0.0 want: *
19 silly fetch manifest chokidar@^4.0.0
20 silly packumentCache full:https://registry.npmjs.org/chokidar cache-miss
21 silly fetch manifest immutable@^5.0.2
22 silly packumentCache full:https://registry.npmjs.org/immutable cache-miss
23 silly fetch manifest source-map-js@>=0.6.2 <2.0.0
24 silly packumentCache full:https://registry.npmjs.org/source-map-js cache-miss
25 silly fetch manifest @parcel/watcher@^2.4.1
26 silly packumentCache full:https://registry.npmjs.org/@parcel%2fwatcher cache-miss
27 http fetch GET 200 https://registry.npmjs.org/immutable 108ms (cache miss)
28 silly packumentCache full:https://registry.npmjs.org/immutable set size:undefined disposed:false
29 http fetch GET 200 https://registry.npmjs.org/source-map-js 188ms (cache miss)
30 silly packumentCache full:https://registry.npmjs.org/source-map-js set size:undefined disposed:false
31 http fetch GET 200 https://registry.npmjs.org/chokidar 224ms (cache updated)
32 silly packumentCache full:https://registry.npmjs.org/chokidar set size:undefined disposed:false
33 http fetch GET 200 https://registry.npmjs.org/@parcel%2fwatcher 498ms (cache miss)
34 silly packumentCache full:https://registry.npmjs.org/@parcel%2fwatcher set size:undefined disposed:false
35 silly placeDep ROOT @parcel/watcher@2.5.1 OK for: sass@1.86.0 want: ^2.4.1
36 silly placeDep node_modules/sass chokidar@4.0.3 OK for: sass@1.86.0 want: ^4.0.0
37 silly placeDep ROOT immutable@5.1.1 OK for: sass@1.86.0 want: ^5.0.2
38 silly placeDep ROOT source-map-js@1.2.1 OK for: sass@1.86.0 want: >=0.6.2 <2.0.0
39 silly fetch manifest detect-libc@^1.0.3
40 silly packumentCache full:https://registry.npmjs.org/detect-libc cache-miss
41 silly fetch manifest node-addon-api@^7.0.0
42 silly packumentCache full:https://registry.npmjs.org/node-addon-api cache-miss
43 silly fetch manifest @parcel/watcher-darwin-x64@2.5.1
44 silly packumentCache full:https://registry.npmjs.org/@parcel%2fwatcher-darwin-x64 cache-miss
45 silly fetch manifest @parcel/watcher-darwin-arm64@2.5.1
46 silly packumentCache full:https://registry.npmjs.org/@parcel%2fwatcher-darwin-arm64 cache-miss
47 silly fetch manifest @parcel/watcher-win32-x64@2.5.1
48 silly packumentCache full:https://registry.npmjs.org/@parcel%2fwatcher-win32-x64 cache-miss
49 silly fetch manifest @parcel/watcher-win32-arm64@2.5.1
50 silly packumentCache full:https://registry.npmjs.org/@parcel%2fwatcher-win32-arm64 cache-miss
51 silly fetch manifest @parcel/watcher-win32-ia32@2.5.1
52 silly packumentCache full:https://registry.npmjs.org/@parcel%2fwatcher-win32-ia32 cache-miss
53 http fetch GET 200 https://registry.npmjs.org/detect-libc 73ms (cache miss)
54 silly packumentCache full:https://registry.npmjs.org/detect-libc set size:undefined disposed:false
55 silly fetch manifest @parcel/watcher-linux-x64-glibc@2.5.1
56 silly packumentCache full:https://registry.npmjs.org/@parcel%2fwatcher-linux-x64-glibc cache-miss
57 http fetch GET 200 https://registry.npmjs.org/node-addon-api 98ms (cache miss)
58 silly packumentCache full:https://registry.npmjs.org/node-addon-api set size:undefined disposed:false
59 silly fetch manifest @parcel/watcher-linux-x64-musl@2.5.1
60 silly packumentCache full:https://registry.npmjs.org/@parcel%2fwatcher-linux-x64-musl cache-miss
61 http fetch GET 200 https://registry.npmjs.org/@parcel%2fwatcher-darwin-x64 273ms (cache miss)
62 silly packumentCache full:https://registry.npmjs.org/@parcel%2fwatcher-darwin-x64 set size:undefined disposed:false
63 silly fetch manifest @parcel/watcher-linux-arm64-glibc@2.5.1
64 silly packumentCache full:https://registry.npmjs.org/@parcel%2fwatcher-linux-arm64-glibc cache-miss
65 http fetch GET 200 https://registry.npmjs.org/@parcel%2fwatcher-darwin-arm64 292ms (cache miss)
66 silly packumentCache full:https://registry.npmjs.org/@parcel%2fwatcher-darwin-arm64 set size:undefined disposed:false
67 silly fetch manifest @parcel/watcher-linux-arm64-musl@2.5.1
68 silly packumentCache full:https://registry.npmjs.org/@parcel%2fwatcher-linux-arm64-musl cache-miss
69 http fetch GET 200 https://registry.npmjs.org/@parcel%2fwatcher-linux-x64-glibc 282ms (cache miss)
70 silly packumentCache full:https://registry.npmjs.org/@parcel%2fwatcher-linux-x64-glibc set size:undefined disposed:false
71 silly fetch manifest @parcel/watcher-linux-arm-glibc@2.5.1
72 silly packumentCache full:https://registry.npmjs.org/@parcel%2fwatcher-linux-arm-glibc cache-miss
73 http fetch GET 200 https://registry.npmjs.org/@parcel%2fwatcher-win32-x64 404ms (cache miss)
74 silly packumentCache full:https://registry.npmjs.org/@parcel%2fwatcher-win32-x64 set size:undefined disposed:false
75 silly fetch manifest @parcel/watcher-linux-arm-musl@2.5.1
76 silly packumentCache full:https://registry.npmjs.org/@parcel%2fwatcher-linux-arm-musl cache-miss
77 http fetch GET 200 https://registry.npmjs.org/@parcel%2fwatcher-win32-arm64 405ms (cache miss)
78 silly packumentCache full:https://registry.npmjs.org/@parcel%2fwatcher-win32-arm64 set size:undefined disposed:false
79 silly fetch manifest @parcel/watcher-android-arm64@2.5.1
80 silly packumentCache full:https://registry.npmjs.org/@parcel%2fwatcher-android-arm64 cache-miss
81 http fetch GET 200 https://registry.npmjs.org/@parcel%2fwatcher-linux-x64-musl 322ms (cache miss)
82 silly packumentCache full:https://registry.npmjs.org/@parcel%2fwatcher-linux-x64-musl set size:undefined disposed:false
83 silly fetch manifest @parcel/watcher-freebsd-x64@2.5.1
84 silly packumentCache full:https://registry.npmjs.org/@parcel%2fwatcher-freebsd-x64 cache-miss
85 http fetch GET 200 https://registry.npmjs.org/@parcel%2fwatcher-win32-ia32 537ms (cache miss)
86 silly packumentCache full:https://registry.npmjs.org/@parcel%2fwatcher-win32-ia32 set size:undefined disposed:false
87 silly fetch manifest readdirp@^4.0.1
88 silly packumentCache full:https://registry.npmjs.org/readdirp cache-miss
89 http fetch GET 200 https://registry.npmjs.org/@parcel%2fwatcher-linux-arm64-glibc 296ms (cache miss)
90 silly packumentCache full:https://registry.npmjs.org/@parcel%2fwatcher-linux-arm64-glibc set size:undefined disposed:false
91 http fetch GET 200 https://registry.npmjs.org/@parcel%2fwatcher-linux-arm64-musl 292ms (cache miss)
92 silly packumentCache full:https://registry.npmjs.org/@parcel%2fwatcher-linux-arm64-musl set size:undefined disposed:false
93 http fetch GET 200 https://registry.npmjs.org/readdirp 87ms (cache updated)
94 silly packumentCache full:https://registry.npmjs.org/readdirp set size:undefined disposed:false
95 http fetch GET 200 https://registry.npmjs.org/@parcel%2fwatcher-linux-arm-glibc 279ms (cache miss)
96 silly packumentCache full:https://registry.npmjs.org/@parcel%2fwatcher-linux-arm-glibc set size:undefined disposed:false
97 http fetch GET 200 https://registry.npmjs.org/@parcel%2fwatcher-linux-arm-musl 305ms (cache miss)
98 silly packumentCache full:https://registry.npmjs.org/@parcel%2fwatcher-linux-arm-musl set size:undefined disposed:false
99 http fetch GET 200 https://registry.npmjs.org/@parcel%2fwatcher-android-arm64 305ms (cache miss)
100 silly packumentCache full:https://registry.npmjs.org/@parcel%2fwatcher-android-arm64 set size:undefined disposed:false
101 http fetch GET 200 https://registry.npmjs.org/@parcel%2fwatcher-freebsd-x64 379ms (cache miss)
102 silly packumentCache full:https://registry.npmjs.org/@parcel%2fwatcher-freebsd-x64 set size:undefined disposed:false
103 silly placeDep ROOT @parcel/watcher-android-arm64@2.5.1 OK for: @parcel/watcher@2.5.1 want: 2.5.1
104 silly placeDep ROOT @parcel/watcher-darwin-arm64@2.5.1 OK for: @parcel/watcher@2.5.1 want: 2.5.1
105 silly placeDep ROOT @parcel/watcher-darwin-x64@2.5.1 OK for: @parcel/watcher@2.5.1 want: 2.5.1
106 silly placeDep ROOT @parcel/watcher-freebsd-x64@2.5.1 OK for: @parcel/watcher@2.5.1 want: 2.5.1
107 silly placeDep ROOT @parcel/watcher-linux-arm-glibc@2.5.1 OK for: @parcel/watcher@2.5.1 want: 2.5.1
108 silly placeDep ROOT @parcel/watcher-linux-arm-musl@2.5.1 OK for: @parcel/watcher@2.5.1 want: 2.5.1
109 silly placeDep ROOT @parcel/watcher-linux-arm64-glibc@2.5.1 OK for: @parcel/watcher@2.5.1 want: 2.5.1
110 silly placeDep ROOT @parcel/watcher-linux-arm64-musl@2.5.1 OK for: @parcel/watcher@2.5.1 want: 2.5.1
111 silly placeDep ROOT @parcel/watcher-linux-x64-glibc@2.5.1 OK for: @parcel/watcher@2.5.1 want: 2.5.1
112 silly placeDep ROOT @parcel/watcher-linux-x64-musl@2.5.1 OK for: @parcel/watcher@2.5.1 want: 2.5.1
113 silly placeDep ROOT @parcel/watcher-win32-arm64@2.5.1 OK for: @parcel/watcher@2.5.1 want: 2.5.1
114 silly placeDep ROOT @parcel/watcher-win32-ia32@2.5.1 OK for: @parcel/watcher@2.5.1 want: 2.5.1
115 silly placeDep ROOT @parcel/watcher-win32-x64@2.5.1 OK for: @parcel/watcher@2.5.1 want: 2.5.1
116 silly placeDep ROOT detect-libc@1.0.3 OK for: @parcel/watcher@2.5.1 want: ^1.0.3
117 silly placeDep ROOT node-addon-api@7.1.1 OK for: @parcel/watcher@2.5.1 want: ^7.0.0
118 silly placeDep node_modules/sass readdirp@4.1.2 OK for: chokidar@4.0.3 want: ^4.0.1
119 silly reify moves {}
120 silly audit bulk request {
120 silly audit   '@gulpjs/messages': [ '1.1.0' ],
120 silly audit   '@gulpjs/to-absolute-glob': [ '4.0.0' ],
120 silly audit   'ansi-colors': [ '1.1.0' ],
120 silly audit   'ansi-regex': [ '5.0.1' ],
120 silly audit   'ansi-styles': [ '4.3.0' ],
120 silly audit   'ansi-wrap': [ '0.1.0' ],
120 silly audit   anymatch: [ '3.1.3' ],
120 silly audit   'arr-diff': [ '4.0.0' ],
120 silly audit   'arr-union': [ '3.1.0' ],
120 silly audit   'array-each': [ '1.0.1' ],
120 silly audit   'array-slice': [ '1.1.0' ],
120 silly audit   'assign-symbols': [ '1.0.0' ],
120 silly audit   'async-done': [ '2.0.0' ],
120 silly audit   'async-settle': [ '2.0.0' ],
120 silly audit   b4a: [ '1.6.7' ],
120 silly audit   bach: [ '2.0.1' ],
120 silly audit   'bare-events': [ '2.5.4' ],
120 silly audit   'base64-js': [ '1.5.1' ],
120 silly audit   'binary-extensions': [ '2.3.0' ],
120 silly audit   bl: [ '5.1.0' ],
120 silly audit   braces: [ '3.0.3' ],
120 silly audit   buffer: [ '6.0.3' ],
120 silly audit   chalk: [ '4.1.2' ],
120 silly audit   chokidar: [ '3.6.0', '4.0.3' ],
120 silly audit   cliui: [ '7.0.4' ],
120 silly audit   clone: [ '2.1.2' ],
120 silly audit   'clone-stats': [ '1.0.0' ],
120 silly audit   'color-convert': [ '2.0.1' ],
120 silly audit   'color-name': [ '1.1.4' ],
120 silly audit   'convert-source-map': [ '2.0.0' ],
120 silly audit   'copy-props': [ '4.0.0' ],
120 silly audit   'detect-file': [ '1.0.0' ],
120 silly audit   'each-props': [ '3.0.0' ],
120 silly audit   'emoji-regex': [ '8.0.0' ],
120 silly audit   'end-of-stream': [ '1.4.4' ],
120 silly audit   escalade: [ '3.2.0' ],
120 silly audit   'expand-tilde': [ '2.0.2' ],
120 silly audit   extend: [ '3.0.2' ],
120 silly audit   'extend-shallow': [ '3.0.2' ],
120 silly audit   'fast-fifo': [ '1.3.2' ],
120 silly audit   'fast-levenshtein': [ '3.0.0' ],
120 silly audit   'fastest-levenshtein': [ '1.0.16' ],
120 silly audit   fastq: [ '1.19.1' ],
120 silly audit   'fill-range': [ '7.1.1' ],
120 silly audit   'findup-sync': [ '5.0.0' ],
120 silly audit   fined: [ '2.0.0' ],
120 silly audit   'flagged-respawn': [ '2.0.0' ],
120 silly audit   'for-in': [ '1.0.2' ],
120 silly audit   'for-own': [ '1.0.0' ],
120 silly audit   'fs-mkdirp-stream': [ '2.0.1' ],
120 silly audit   fsevents: [ '2.3.3' ],
120 silly audit   'function-bind': [ '1.1.2' ],
120 silly audit   'get-caller-file': [ '2.0.5' ],
120 silly audit   'glob-parent': [ '5.1.2', '6.0.2' ],
120 silly audit   'glob-stream': [ '8.0.2' ],
120 silly audit   'glob-watcher': [ '6.0.0' ],
120 silly audit   'global-modules': [ '1.0.0' ],
120 silly audit   'global-prefix': [ '1.0.2' ],
120 silly audit   glogg: [ '2.2.0' ],
120 silly audit   'graceful-fs': [ '4.2.11' ],
120 silly audit   gulp: [ '5.0.0' ],
120 silly audit   'gulp-cli': [ '3.0.0' ],
120 silly audit   'gulp-sass': [ '6.0.1' ],
120 silly audit   gulplog: [ '2.2.0' ],
120 silly audit   'has-flag': [ '4.0.0' ],
120 silly audit   hasown: [ '2.0.2' ],
120 silly audit   'homedir-polyfill': [ '1.0.3' ],
120 silly audit   'iconv-lite': [ '0.6.3' ],
120 silly audit   ieee754: [ '1.2.1' ],
120 silly audit   inherits: [ '2.0.4' ],
120 silly audit   ini: [ '1.3.8' ],
120 silly audit   interpret: [ '3.1.1' ],
120 silly audit   'is-absolute': [ '1.0.0' ],
120 silly audit   'is-binary-path': [ '2.1.0' ],
120 silly audit   'is-core-module': [ '2.16.1' ],
120 silly audit   'is-extendable': [ '1.0.1' ],
120 silly audit   'is-plain-object': [ '2.0.4', '5.0.0' ],
120 silly audit   'is-extglob': [ '2.1.1' ],
120 silly audit   'is-fullwidth-code-point': [ '3.0.0' ],
120 silly audit   'is-glob': [ '4.0.3' ],
120 silly audit   'is-negated-glob': [ '1.0.0' ],
120 silly audit   'is-number': [ '7.0.0' ],
120 silly audit   'is-relative': [ '1.0.0' ],
120 silly audit   'is-unc-path': [ '1.0.0' ],
120 silly audit   'is-valid-glob': [ '1.0.0' ],
120 silly audit   'is-windows': [ '1.0.2' ],
120 silly audit   isexe: [ '2.0.0' ],
120 silly audit   isobject: [ '3.0.1' ],
120 silly audit   'last-run': [ '2.0.0' ],
120 silly audit   lead: [ '4.0.0' ],
120 silly audit   liftoff: [ '5.0.0' ],
120 silly audit   'lodash.clonedeep': [ '4.5.0' ],
120 silly audit   'map-cache': [ '0.2.2' ],
120 silly audit   micromatch: [ '4.0.8' ],
120 silly audit   'mute-stdout': [ '2.0.0' ],
120 silly audit   'normalize-path': [ '3.0.0' ],
120 silly audit   'now-and-later': [ '3.0.0' ],
120 silly audit   'object.defaults': [ '1.1.0' ],
120 silly audit   'object.pick': [ '1.3.0' ],
120 silly audit   once: [ '1.4.0' ],
120 silly audit   'parse-filepath': [ '1.0.2' ],
120 silly audit   'parse-passwd': [ '1.0.0' ],
120 silly audit   'path-parse': [ '1.0.7' ],
120 silly audit   'path-root': [ '0.1.1' ],
120 silly audit   'path-root-regex': [ '0.1.2' ],
120 silly audit   picocolors: [ '1.1.1' ],
120 silly audit   picomatch: [ '2.3.1' ],
120 silly audit   'plugin-error': [ '1.0.1' ],
120 silly audit   'readable-stream': [ '3.6.2' ],
120 silly audit   readdirp: [ '3.6.0', '4.1.2' ],
120 silly audit   rechoir: [ '0.8.0' ],
120 silly audit   'remove-trailing-separator': [ '1.1.0' ],
120 silly audit   'replace-ext': [ '2.0.0' ],
120 silly audit   'replace-homedir': [ '2.0.0' ],
120 silly audit   'require-directory': [ '2.1.1' ],
120 silly audit   resolve: [ '1.22.10' ],
120 silly audit   'resolve-dir': [ '1.0.1' ],
120 silly audit   'resolve-options': [ '2.0.0' ],
120 silly audit   reusify: [ '1.1.0' ],
120 silly audit   'safe-buffer': [ '5.2.1' ],
120 silly audit   'safer-buffer': [ '2.1.2' ],
120 silly audit   semver: [ '6.3.1' ],
120 silly audit   'semver-greatest-satisfied-range': [ '2.0.0' ],
120 silly audit   'source-map': [ '0.5.7' ],
120 silly audit   sparkles: [ '2.1.0' ],
120 silly audit   'stream-composer': [ '1.0.2' ],
120 silly audit   'stream-exhaust': [ '1.0.2' ],
120 silly audit   streamx: [ '2.22.0' ],
120 silly audit   string_decoder: [ '1.3.0' ],
120 silly audit   'string-width': [ '4.2.3' ],
120 silly audit   'strip-ansi': [ '6.0.1' ],
120 silly audit   'supports-color': [ '7.2.0' ],
120 silly audit   'supports-preserve-symlinks-flag': [ '1.0.0' ],
120 silly audit   sver: [ '1.8.4' ],
120 silly audit   teex: [ '1.0.1' ],
120 silly audit   'text-decoder': [ '1.2.3' ],
120 silly audit   'to-regex-range': [ '5.0.1' ],
120 silly audit   'to-through': [ '3.0.0' ],
120 silly audit   'unc-path-regex': [ '0.1.2' ],
120 silly audit   undertaker: [ '2.0.0' ],
120 silly audit   'undertaker-registry': [ '2.0.0' ],
120 silly audit   'util-deprecate': [ '1.0.2' ],
120 silly audit   v8flags: [ '4.0.1' ],
120 silly audit   'value-or-function': [ '4.0.0' ],
120 silly audit   vinyl: [ '3.0.0' ],
120 silly audit   'vinyl-contents': [ '2.0.0' ],
120 silly audit   'vinyl-fs': [ '4.0.0' ],
120 silly audit   'vinyl-sourcemap': [ '2.0.0' ],
120 silly audit   'vinyl-sourcemaps-apply': [ '0.2.1' ],
120 silly audit   which: [ '1.3.1' ],
120 silly audit   'wrap-ansi': [ '7.0.0' ],
120 silly audit   wrappy: [ '1.0.2' ],
120 silly audit   y18n: [ '5.0.8' ],
120 silly audit   yargs: [ '16.2.0' ],
120 silly audit   'yargs-parser': [ '20.2.9' ],
120 silly audit   sass: [ '1.86.0' ],
120 silly audit   '@parcel/watcher': [ '2.5.1' ],
120 silly audit   immutable: [ '5.1.1' ],
120 silly audit   'source-map-js': [ '1.2.1' ],
120 silly audit   '@parcel/watcher-android-arm64': [ '2.5.1' ],
120 silly audit   '@parcel/watcher-darwin-arm64': [ '2.5.1' ],
120 silly audit   '@parcel/watcher-darwin-x64': [ '2.5.1' ],
120 silly audit   '@parcel/watcher-freebsd-x64': [ '2.5.1' ],
120 silly audit   '@parcel/watcher-linux-arm-glibc': [ '2.5.1' ],
120 silly audit   '@parcel/watcher-linux-arm-musl': [ '2.5.1' ],
120 silly audit   '@parcel/watcher-linux-arm64-glibc': [ '2.5.1' ],
120 silly audit   '@parcel/watcher-linux-arm64-musl': [ '2.5.1' ],
120 silly audit   '@parcel/watcher-linux-x64-glibc': [ '2.5.1' ],
120 silly audit   '@parcel/watcher-linux-x64-musl': [ '2.5.1' ],
120 silly audit   '@parcel/watcher-win32-arm64': [ '2.5.1' ],
120 silly audit   '@parcel/watcher-win32-ia32': [ '2.5.1' ],
120 silly audit   '@parcel/watcher-win32-x64': [ '2.5.1' ],
120 silly audit   'detect-libc': [ '1.0.3' ],
120 silly audit   'node-addon-api': [ '7.1.1' ]
120 silly audit }
121 verbose reify failed optional dependency C:\Users\Usuário\Documents\EBAC\python\Projeto 04\clone_disneyplus\node_modules\@parcel\watcher-win32-ia32
122 silly reify mark deleted [
122 silly reify   'C:\\Users\\Usuário\\Documents\\EBAC\\python\\Projeto 04\\clone_disneyplus\\node_modules\\@parcel\\watcher-win32-ia32'
122 silly reify ]
123 verbose reify failed optional dependency C:\Users\Usuário\Documents\EBAC\python\Projeto 04\clone_disneyplus\node_modules\@parcel\watcher-win32-arm64
124 silly reify mark deleted [
124 silly reify   'C:\\Users\\Usuário\\Documents\\EBAC\\python\\Projeto 04\\clone_disneyplus\\node_modules\\@parcel\\watcher-win32-arm64'
124 silly reify ]
125 verbose reify failed optional dependency C:\Users\Usuário\Documents\EBAC\python\Projeto 04\clone_disneyplus\node_modules\@parcel\watcher-linux-x64-musl
126 silly reify mark deleted [
126 silly reify   'C:\\Users\\Usuário\\Documents\\EBAC\\python\\Projeto 04\\clone_disneyplus\\node_modules\\@parcel\\watcher-linux-x64-musl'
126 silly reify ]
127 verbose reify failed optional dependency C:\Users\Usuário\Documents\EBAC\python\Projeto 04\clone_disneyplus\node_modules\@parcel\watcher-linux-x64-glibc
128 silly reify mark deleted [
128 silly reify   'C:\\Users\\Usuário\\Documents\\EBAC\\python\\Projeto 04\\clone_disneyplus\\node_modules\\@parcel\\watcher-linux-x64-glibc'
128 silly reify ]
129 verbose reify failed optional dependency C:\Users\Usuário\Documents\EBAC\python\Projeto 04\clone_disneyplus\node_modules\@parcel\watcher-linux-arm64-musl
130 silly reify mark deleted [
130 silly reify   'C:\\Users\\Usuário\\Documents\\EBAC\\python\\Projeto 04\\clone_disneyplus\\node_modules\\@parcel\\watcher-linux-arm64-musl'
130 silly reify ]
131 verbose reify failed optional dependency C:\Users\Usuário\Documents\EBAC\python\Projeto 04\clone_disneyplus\node_modules\@parcel\watcher-linux-arm64-glibc
132 silly reify mark deleted [
132 silly reify   'C:\\Users\\Usuário\\Documents\\EBAC\\python\\Projeto 04\\clone_disneyplus\\node_modules\\@parcel\\watcher-linux-arm64-glibc'
132 silly reify ]
133 verbose reify failed optional dependency C:\Users\Usuário\Documents\EBAC\python\Projeto 04\clone_disneyplus\node_modules\@parcel\watcher-linux-arm-musl
134 silly reify mark deleted [
134 silly reify   'C:\\Users\\Usuário\\Documents\\EBAC\\python\\Projeto 04\\clone_disneyplus\\node_modules\\@parcel\\watcher-linux-arm-musl'
134 silly reify ]
135 verbose reify failed optional dependency C:\Users\Usuário\Documents\EBAC\python\Projeto 04\clone_disneyplus\node_modules\@parcel\watcher-linux-arm-glibc
136 silly reify mark deleted [
136 silly reify   'C:\\Users\\Usuário\\Documents\\EBAC\\python\\Projeto 04\\clone_disneyplus\\node_modules\\@parcel\\watcher-linux-arm-glibc'
136 silly reify ]
137 verbose reify failed optional dependency C:\Users\Usuário\Documents\EBAC\python\Projeto 04\clone_disneyplus\node_modules\@parcel\watcher-freebsd-x64
138 silly reify mark deleted [
138 silly reify   'C:\\Users\\Usuário\\Documents\\EBAC\\python\\Projeto 04\\clone_disneyplus\\node_modules\\@parcel\\watcher-freebsd-x64'
138 silly reify ]
139 verbose reify failed optional dependency C:\Users\Usuário\Documents\EBAC\python\Projeto 04\clone_disneyplus\node_modules\@parcel\watcher-darwin-x64
140 silly reify mark deleted [
140 silly reify   'C:\\Users\\Usuário\\Documents\\EBAC\\python\\Projeto 04\\clone_disneyplus\\node_modules\\@parcel\\watcher-darwin-x64'
140 silly reify ]
141 verbose reify failed optional dependency C:\Users\Usuário\Documents\EBAC\python\Projeto 04\clone_disneyplus\node_modules\@parcel\watcher-darwin-arm64
142 silly reify mark deleted [
142 silly reify   'C:\\Users\\Usuário\\Documents\\EBAC\\python\\Projeto 04\\clone_disneyplus\\node_modules\\@parcel\\watcher-darwin-arm64'
142 silly reify ]
143 verbose reify failed optional dependency C:\Users\Usuário\Documents\EBAC\python\Projeto 04\clone_disneyplus\node_modules\@parcel\watcher-android-arm64
144 silly reify mark deleted [
144 silly reify   'C:\\Users\\Usuário\\Documents\\EBAC\\python\\Projeto 04\\clone_disneyplus\\node_modules\\@parcel\\watcher-android-arm64'
144 silly reify ]
145 verbose reify failed optional dependency C:\Users\Usuário\Documents\EBAC\python\Projeto 04\clone_disneyplus\node_modules\fsevents
146 silly reify mark deleted [
146 silly reify   'C:\\Users\\Usuário\\Documents\\EBAC\\python\\Projeto 04\\clone_disneyplus\\node_modules\\fsevents'
146 silly reify ]
147 http cache node-addon-api@https://registry.npmjs.org/node-addon-api/-/node-addon-api-7.1.1.tgz 0ms (cache hit)
148 http cache detect-libc@https://registry.npmjs.org/detect-libc/-/detect-libc-1.0.3.tgz 0ms (cache hit)
149 http cache @parcel/watcher-win32-x64@https://registry.npmjs.org/@parcel/watcher-win32-x64/-/watcher-win32-x64-2.5.1.tgz 0ms (cache hit)
150 http cache immutable@https://registry.npmjs.org/immutable/-/immutable-5.1.1.tgz 0ms (cache hit)
151 http cache source-map-js@https://registry.npmjs.org/source-map-js/-/source-map-js-1.2.1.tgz 0ms (cache hit)
152 http cache @parcel/watcher@https://registry.npmjs.org/@parcel/watcher/-/watcher-2.5.1.tgz 0ms (cache hit)
153 http cache sass@https://registry.npmjs.org/sass/-/sass-1.86.0.tgz 0ms (cache hit)
154 http cache readdirp@https://registry.npmjs.org/readdirp/-/readdirp-4.1.2.tgz 0ms (cache hit)
155 silly tarball no local data for node-addon-api@https://registry.npmjs.org/node-addon-api/-/node-addon-api-7.1.1.tgz. Extracting by manifest.
156 http cache chokidar@https://registry.npmjs.org/chokidar/-/chokidar-4.0.3.tgz 0ms (cache hit)
157 silly tarball no local data for detect-libc@https://registry.npmjs.org/detect-libc/-/detect-libc-1.0.3.tgz. Extracting by manifest.
158 silly tarball no local data for @parcel/watcher-win32-x64@https://registry.npmjs.org/@parcel/watcher-win32-x64/-/watcher-win32-x64-2.5.1.tgz. Extracting by manifest.
159 silly tarball no local data for immutable@https://registry.npmjs.org/immutable/-/immutable-5.1.1.tgz. Extracting by manifest.
160 silly tarball no local data for source-map-js@https://registry.npmjs.org/source-map-js/-/source-map-js-1.2.1.tgz. Extracting by manifest.
161 silly tarball no local data for @parcel/watcher@https://registry.npmjs.org/@parcel/watcher/-/watcher-2.5.1.tgz. Extracting by manifest.
162 silly tarball no local data for sass@https://registry.npmjs.org/sass/-/sass-1.86.0.tgz. Extracting by manifest.
163 silly tarball no local data for readdirp@https://registry.npmjs.org/readdirp/-/readdirp-4.1.2.tgz. Extracting by manifest.
164 silly tarball no local data for chokidar@https://registry.npmjs.org/chokidar/-/chokidar-4.0.3.tgz. Extracting by manifest.
165 http fetch GET 200 https://registry.npmjs.org/detect-libc/-/detect-libc-1.0.3.tgz 128ms (cache miss)
166 http fetch GET 200 https://registry.npmjs.org/source-map-js/-/source-map-js-1.2.1.tgz 133ms (cache miss)
167 http fetch GET 200 https://registry.npmjs.org/node-addon-api/-/node-addon-api-7.1.1.tgz 184ms (cache miss)
168 http fetch GET 200 https://registry.npmjs.org/@parcel/watcher/-/watcher-2.5.1.tgz 245ms (cache miss)
169 http fetch GET 200 https://registry.npmjs.org/@parcel/watcher-win32-x64/-/watcher-win32-x64-2.5.1.tgz 312ms (cache miss)
170 http fetch POST 200 https://registry.npmjs.org/-/npm/v1/security/advisories/bulk 354ms
171 silly audit report {}
172 http fetch GET 200 https://registry.npmjs.org/immutable/-/immutable-5.1.1.tgz 345ms (cache miss)
173 http fetch GET 200 https://registry.npmjs.org/chokidar/-/chokidar-4.0.3.tgz 430ms (cache miss)
174 http fetch GET 200 https://registry.npmjs.org/readdirp/-/readdirp-4.1.2.tgz 439ms (cache miss)
175 http fetch GET 200 https://registry.npmjs.org/sass/-/sass-1.86.0.tgz 886ms (cache miss)
176 info run @parcel/watcher@2.5.1 install node_modules/@parcel/watcher node scripts/build-from-source.js
177 info run @parcel/watcher@2.5.1 install { code: 0, signal: null }
178 silly ADD node_modules/node-addon-api
179 silly ADD node_modules/detect-libc
180 silly ADD node_modules/@parcel/watcher-win32-x64
181 silly ADD
182 silly ADD
183 silly ADD
184 silly ADD
185 silly ADD
186 silly ADD
187 silly ADD
188 silly ADD
189 silly ADD
190 silly ADD
191 silly ADD
192 silly ADD
193 silly ADD node_modules/source-map-js
194 silly ADD node_modules/immutable
195 silly ADD node_modules/@parcel/watcher
196 silly ADD node_modules/sass
197 silly ADD node_modules/sass/node_modules/readdirp
198 silly ADD node_modules/sass/node_modules/chokidar
199 silly ADD
200 verbose cwd C:\Users\Usuário\Documents\EBAC\python\Projeto 04\clone_disneyplus
201 verbose os Windows_NT 10.0.19045
202 verbose node v22.14.0
203 verbose npm  v10.9.2
204 verbose exit 0
205 info ok
