0 verbose cli C:\Program Files\node.exe C:\Program Files\node_modules\npm\bin\npm-cli.js
1 info using npm@10.9.2
2 info using node@v22.14.0
3 silly config load:file:C:\Program Files\node_modules\npm\npmrc
4 silly config load:file:C:\Users\Usuário\Documents\EBAC\python\Projeto 04\clone_disneyplus\.npmrc
5 silly config load:file:C:\Users\Usuário\.npmrc
6 silly config load:file:C:\Users\Usuário\AppData\Roaming\npm\etc\npmrc
7 verbose title npm install gulp-sass@5.1.0
8 verbose argv "install" "gulp-sass@5.1.0" "--save-dev"
9 verbose logfile logs-max:10 dir:C:\Users\Usuário\Documents\EBAC\python\Projeto 04\clone_disneyplus\UsersDESKTOP-U9J66QUAppDataLocalnpm-cache\_logs\2025-03-26T17_56_54_425Z-
10 verbose logfile C:\Users\Usuário\Documents\EBAC\python\Projeto 04\clone_disneyplus\UsersDESKTOP-U9J66QUAppDataLocalnpm-cache\_logs\2025-03-26T17_56_54_425Z-debug-0.log
11 silly logfile done cleaning log files
12 silly packumentCache heap:4345298944 maxSize:1086324736 maxEntrySize:543162368
13 silly idealTree buildDeps
14 silly fetch manifest gulp-sass@5.1.0
15 silly packumentCache full:https://registry.npmjs.org/gulp-sass cache-miss
16 http fetch GET 200 https://registry.npmjs.org/gulp-sass 957ms (cache updated)
17 silly packumentCache full:https://registry.npmjs.org/gulp-sass set size:undefined disposed:false
18 silly placeDep ROOT gulp-sass@5.1.0 OK for: clone_disneyplus@1.0.0 want: 5.1.0
19 silly fetch manifest picocolors@^1.0.0
20 silly packumentCache full:https://registry.npmjs.org/picocolors cache-miss
21 silly fetch manifest plugin-error@^1.0.1
22 silly packumentCache full:https://registry.npmjs.org/plugin-error cache-miss
23 silly fetch manifest lodash.clonedeep@^4.5.0
24 silly packumentCache full:https://registry.npmjs.org/lodash.clonedeep cache-miss
25 silly fetch manifest vinyl-sourcemaps-apply@^0.2.1
26 silly packumentCache full:https://registry.npmjs.org/vinyl-sourcemaps-apply cache-miss
27 http fetch GET 200 https://registry.npmjs.org/plugin-error 161ms (cache updated)
28 silly packumentCache full:https://registry.npmjs.org/plugin-error set size:undefined disposed:false
29 http fetch GET 200 https://registry.npmjs.org/picocolors 196ms (cache updated)
30 silly packumentCache full:https://registry.npmjs.org/picocolors set size:undefined disposed:false
31 http fetch GET 200 https://registry.npmjs.org/vinyl-sourcemaps-apply 248ms (cache updated)
32 silly packumentCache full:https://registry.npmjs.org/vinyl-sourcemaps-apply set size:undefined disposed:false
33 http fetch GET 200 https://registry.npmjs.org/lodash.clonedeep 291ms (cache updated)
34 silly packumentCache full:https://registry.npmjs.org/lodash.clonedeep set size:undefined disposed:false
35 silly placeDep ROOT lodash.clonedeep@4.5.0 OK for: gulp-sass@5.1.0 want: ^4.5.0
36 silly placeDep ROOT picocolors@1.1.1 OK for: gulp-sass@5.1.0 want: ^1.0.0
37 silly placeDep ROOT plugin-error@1.0.1 OK for: gulp-sass@5.1.0 want: ^1.0.1
38 silly placeDep ROOT vinyl-sourcemaps-apply@0.2.1 OK for: gulp-sass@5.1.0 want: ^0.2.1
39 silly fetch manifest ansi-colors@^1.0.1
40 silly packumentCache full:https://registry.npmjs.org/ansi-colors cache-miss
41 silly fetch manifest arr-diff@^4.0.0
42 silly packumentCache full:https://registry.npmjs.org/arr-diff cache-miss
43 silly fetch manifest arr-union@^3.1.0
44 silly packumentCache full:https://registry.npmjs.org/arr-union cache-miss
45 silly fetch manifest extend-shallow@^3.0.2
46 silly packumentCache full:https://registry.npmjs.org/extend-shallow cache-miss
47 silly fetch manifest source-map@^0.5.1
48 silly packumentCache full:https://registry.npmjs.org/source-map cache-miss
49 http fetch GET 200 https://registry.npmjs.org/extend-shallow 123ms (cache updated)
50 silly packumentCache full:https://registry.npmjs.org/extend-shallow set size:undefined disposed:false
51 http fetch GET 200 https://registry.npmjs.org/ansi-colors 128ms (cache updated)
52 silly packumentCache full:https://registry.npmjs.org/ansi-colors set size:undefined disposed:false
53 http fetch GET 200 https://registry.npmjs.org/arr-diff 130ms (cache updated)
54 silly packumentCache full:https://registry.npmjs.org/arr-diff set size:undefined disposed:false
55 http fetch GET 200 https://registry.npmjs.org/source-map 136ms (cache updated)
56 silly packumentCache full:https://registry.npmjs.org/source-map set size:undefined disposed:false
57 http fetch GET 200 https://registry.npmjs.org/arr-union 207ms (cache updated)
58 silly packumentCache full:https://registry.npmjs.org/arr-union set size:undefined disposed:false
59 silly placeDep ROOT ansi-colors@1.1.0 OK for: plugin-error@1.0.1 want: ^1.0.1
60 silly placeDep ROOT arr-diff@4.0.0 OK for: plugin-error@1.0.1 want: ^4.0.0
61 silly placeDep ROOT arr-union@3.1.0 OK for: plugin-error@1.0.1 want: ^3.1.0
62 silly placeDep ROOT extend-shallow@3.0.2 OK for: plugin-error@1.0.1 want: ^3.0.2
63 silly fetch manifest ansi-wrap@^0.1.0
64 silly packumentCache full:https://registry.npmjs.org/ansi-wrap cache-miss
65 silly fetch manifest assign-symbols@^1.0.0
66 silly packumentCache full:https://registry.npmjs.org/assign-symbols cache-miss
67 silly fetch manifest is-extendable@^1.0.1
68 silly packumentCache full:https://registry.npmjs.org/is-extendable cache-miss
69 http fetch GET 200 https://registry.npmjs.org/assign-symbols 73ms (cache updated)
70 silly packumentCache full:https://registry.npmjs.org/assign-symbols set size:undefined disposed:false
71 http fetch GET 200 https://registry.npmjs.org/is-extendable 106ms (cache updated)
72 silly packumentCache full:https://registry.npmjs.org/is-extendable set size:undefined disposed:false
73 http fetch GET 200 https://registry.npmjs.org/ansi-wrap 128ms (cache updated)
74 silly packumentCache full:https://registry.npmjs.org/ansi-wrap set size:undefined disposed:false
75 silly placeDep ROOT ansi-wrap@0.1.0 OK for: ansi-colors@1.1.0 want: ^0.1.0
76 silly placeDep ROOT assign-symbols@1.0.0 OK for: extend-shallow@3.0.2 want: ^1.0.0
77 silly placeDep ROOT is-extendable@1.0.1 OK for: extend-shallow@3.0.2 want: ^1.0.1
78 silly fetch manifest is-plain-object@^2.0.4
79 silly packumentCache full:https://registry.npmjs.org/is-plain-object cache-miss
80 http fetch GET 200 https://registry.npmjs.org/is-plain-object 105ms (cache updated)
81 silly packumentCache full:https://registry.npmjs.org/is-plain-object set size:undefined disposed:false
82 silly placeDep node_modules/is-extendable is-plain-object@2.0.4 OK for: is-extendable@1.0.1 want: ^2.0.4
83 silly placeDep ROOT source-map@0.5.7 OK for: vinyl-sourcemaps-apply@0.2.1 want: ^0.5.1
84 silly reify moves {}
85 silly audit bulk request {
85 silly audit   '@gulpjs/messages': [ '1.1.0' ],
85 silly audit   '@gulpjs/to-absolute-glob': [ '4.0.0' ],
85 silly audit   '@parcel/watcher': [ '2.5.1' ],
85 silly audit   '@parcel/watcher-android-arm64': [ '2.5.1' ],
85 silly audit   '@parcel/watcher-darwin-arm64': [ '2.5.1' ],
85 silly audit   '@parcel/watcher-darwin-x64': [ '2.5.1' ],
85 silly audit   '@parcel/watcher-freebsd-x64': [ '2.5.1' ],
85 silly audit   '@parcel/watcher-linux-arm-glibc': [ '2.5.1' ],
85 silly audit   '@parcel/watcher-linux-arm-musl': [ '2.5.1' ],
85 silly audit   '@parcel/watcher-linux-arm64-glibc': [ '2.5.1' ],
85 silly audit   '@parcel/watcher-linux-arm64-musl': [ '2.5.1' ],
85 silly audit   '@parcel/watcher-linux-x64-glibc': [ '2.5.1' ],
85 silly audit   '@parcel/watcher-linux-x64-musl': [ '2.5.1' ],
85 silly audit   '@parcel/watcher-win32-arm64': [ '2.5.1' ],
85 silly audit   '@parcel/watcher-win32-ia32': [ '2.5.1' ],
85 silly audit   '@parcel/watcher-win32-x64': [ '2.5.1' ],
85 silly audit   'ansi-regex': [ '5.0.1' ],
85 silly audit   'ansi-styles': [ '4.3.0' ],
85 silly audit   anymatch: [ '3.1.3' ],
85 silly audit   'array-each': [ '1.0.1' ],
85 silly audit   'array-slice': [ '1.1.0' ],
85 silly audit   'async-done': [ '2.0.0' ],
85 silly audit   'async-settle': [ '2.0.0' ],
85 silly audit   b4a: [ '1.6.7' ],
85 silly audit   bach: [ '2.0.1' ],
85 silly audit   'bare-events': [ '2.5.4' ],
85 silly audit   'base64-js': [ '1.5.1' ],
85 silly audit   'binary-extensions': [ '2.3.0' ],
85 silly audit   bl: [ '5.1.0' ],
85 silly audit   braces: [ '3.0.3' ],
85 silly audit   buffer: [ '6.0.3' ],
85 silly audit   chalk: [ '4.1.2' ],
85 silly audit   chokidar: [ '3.6.0', '4.0.3' ],
85 silly audit   cliui: [ '7.0.4' ],
85 silly audit   clone: [ '2.1.2' ],
85 silly audit   'clone-stats': [ '1.0.0' ],
85 silly audit   'color-convert': [ '2.0.1' ],
85 silly audit   'color-name': [ '1.1.4' ],
85 silly audit   'convert-source-map': [ '2.0.0' ],
85 silly audit   'copy-props': [ '4.0.0' ],
85 silly audit   'detect-file': [ '1.0.0' ],
85 silly audit   'detect-libc': [ '1.0.3' ],
85 silly audit   'each-props': [ '3.0.0' ],
85 silly audit   'emoji-regex': [ '8.0.0' ],
85 silly audit   'end-of-stream': [ '1.4.4' ],
85 silly audit   escalade: [ '3.2.0' ],
85 silly audit   'expand-tilde': [ '2.0.2' ],
85 silly audit   extend: [ '3.0.2' ],
85 silly audit   'fast-fifo': [ '1.3.2' ],
85 silly audit   'fast-levenshtein': [ '3.0.0' ],
85 silly audit   'fastest-levenshtein': [ '1.0.16' ],
85 silly audit   fastq: [ '1.19.1' ],
85 silly audit   'fill-range': [ '7.1.1' ],
85 silly audit   'findup-sync': [ '5.0.0' ],
85 silly audit   fined: [ '2.0.0' ],
85 silly audit   'flagged-respawn': [ '2.0.0' ],
85 silly audit   'for-in': [ '1.0.2' ],
85 silly audit   'for-own': [ '1.0.0' ],
85 silly audit   'fs-mkdirp-stream': [ '2.0.1' ],
85 silly audit   fsevents: [ '2.3.3' ],
85 silly audit   'function-bind': [ '1.1.2' ],
85 silly audit   'get-caller-file': [ '2.0.5' ],
85 silly audit   'glob-parent': [ '5.1.2', '6.0.2' ],
85 silly audit   'glob-stream': [ '8.0.2' ],
85 silly audit   'glob-watcher': [ '6.0.0' ],
85 silly audit   'global-modules': [ '1.0.0' ],
85 silly audit   'global-prefix': [ '1.0.2' ],
85 silly audit   glogg: [ '2.2.0' ],
85 silly audit   'graceful-fs': [ '4.2.11' ],
85 silly audit   gulp: [ '5.0.0' ],
85 silly audit   'gulp-cli': [ '3.0.0' ],
85 silly audit   gulplog: [ '2.2.0' ],
85 silly audit   'has-flag': [ '4.0.0' ],
85 silly audit   hasown: [ '2.0.2' ],
85 silly audit   'homedir-polyfill': [ '1.0.3' ],
85 silly audit   'iconv-lite': [ '0.6.3' ],
85 silly audit   ieee754: [ '1.2.1' ],
85 silly audit   immutable: [ '5.1.1' ],
85 silly audit   inherits: [ '2.0.4' ],
85 silly audit   ini: [ '1.3.8' ],
85 silly audit   interpret: [ '3.1.1' ],
85 silly audit   'is-absolute': [ '1.0.0' ],
85 silly audit   'is-binary-path': [ '2.1.0' ],
85 silly audit   'is-core-module': [ '2.16.1' ],
85 silly audit   'is-extglob': [ '2.1.1' ],
85 silly audit   'is-fullwidth-code-point': [ '3.0.0' ],
85 silly audit   'is-glob': [ '4.0.3' ],
85 silly audit   'is-negated-glob': [ '1.0.0' ],
85 silly audit   'is-number': [ '7.0.0' ],
85 silly audit   'is-plain-object': [ '5.0.0', '2.0.4' ],
85 silly audit   'is-relative': [ '1.0.0' ],
85 silly audit   'is-unc-path': [ '1.0.0' ],
85 silly audit   'is-valid-glob': [ '1.0.0' ],
85 silly audit   'is-windows': [ '1.0.2' ],
85 silly audit   isexe: [ '2.0.0' ],
85 silly audit   isobject: [ '3.0.1' ],
85 silly audit   'last-run': [ '2.0.0' ],
85 silly audit   lead: [ '4.0.0' ],
85 silly audit   liftoff: [ '5.0.0' ],
85 silly audit   'map-cache': [ '0.2.2' ],
85 silly audit   micromatch: [ '4.0.8' ],
85 silly audit   'mute-stdout': [ '2.0.0' ],
85 silly audit   'node-addon-api': [ '7.1.1' ],
85 silly audit   'normalize-path': [ '3.0.0' ],
85 silly audit   'now-and-later': [ '3.0.0' ],
85 silly audit   'object.defaults': [ '1.1.0' ],
85 silly audit   'object.pick': [ '1.3.0' ],
85 silly audit   once: [ '1.4.0' ],
85 silly audit   'parse-filepath': [ '1.0.2' ],
85 silly audit   'parse-passwd': [ '1.0.0' ],
85 silly audit   'path-parse': [ '1.0.7' ],
85 silly audit   'path-root': [ '0.1.1' ],
85 silly audit   'path-root-regex': [ '0.1.2' ],
85 silly audit   picomatch: [ '2.3.1' ],
85 silly audit   'readable-stream': [ '3.6.2' ],
85 silly audit   readdirp: [ '3.6.0', '4.1.2' ],
85 silly audit   rechoir: [ '0.8.0' ],
85 silly audit   'remove-trailing-separator': [ '1.1.0' ],
85 silly audit   'replace-ext': [ '2.0.0' ],
85 silly audit   'replace-homedir': [ '2.0.0' ],
85 silly audit   'require-directory': [ '2.1.1' ],
85 silly audit   resolve: [ '1.22.10' ],
85 silly audit   'resolve-dir': [ '1.0.1' ],
85 silly audit   'resolve-options': [ '2.0.0' ],
85 silly audit   reusify: [ '1.1.0' ],
85 silly audit   'safe-buffer': [ '5.2.1' ],
85 silly audit   'safer-buffer': [ '2.1.2' ],
85 silly audit   sass: [ '1.86.0' ],
85 silly audit   semver: [ '6.3.1' ],
85 silly audit   'semver-greatest-satisfied-range': [ '2.0.0' ],
85 silly audit   'source-map-js': [ '1.2.1' ],
85 silly audit   sparkles: [ '2.1.0' ],
85 silly audit   'stream-composer': [ '1.0.2' ],
85 silly audit   'stream-exhaust': [ '1.0.2' ],
85 silly audit   streamx: [ '2.22.0' ],
85 silly audit   string_decoder: [ '1.3.0' ],
85 silly audit   'string-width': [ '4.2.3' ],
85 silly audit   'strip-ansi': [ '6.0.1' ],
85 silly audit   'supports-color': [ '7.2.0' ],
85 silly audit   'supports-preserve-symlinks-flag': [ '1.0.0' ],
85 silly audit   sver: [ '1.8.4' ],
85 silly audit   teex: [ '1.0.1' ],
85 silly audit   'text-decoder': [ '1.2.3' ],
85 silly audit   'to-regex-range': [ '5.0.1' ],
85 silly audit   'to-through': [ '3.0.0' ],
85 silly audit   'unc-path-regex': [ '0.1.2' ],
85 silly audit   undertaker: [ '2.0.0' ],
85 silly audit   'undertaker-registry': [ '2.0.0' ],
85 silly audit   'util-deprecate': [ '1.0.2' ],
85 silly audit   v8flags: [ '4.0.1' ],
85 silly audit   'value-or-function': [ '4.0.0' ],
85 silly audit   vinyl: [ '3.0.0' ],
85 silly audit   'vinyl-contents': [ '2.0.0' ],
85 silly audit   'vinyl-fs': [ '4.0.0' ],
85 silly audit   'vinyl-sourcemap': [ '2.0.0' ],
85 silly audit   which: [ '1.3.1' ],
85 silly audit   'wrap-ansi': [ '7.0.0' ],
85 silly audit   wrappy: [ '1.0.2' ],
85 silly audit   y18n: [ '5.0.8' ],
85 silly audit   yargs: [ '16.2.0' ],
85 silly audit   'yargs-parser': [ '20.2.9' ],
85 silly audit   'gulp-sass': [ '5.1.0' ],
85 silly audit   'lodash.clonedeep': [ '4.5.0' ],
85 silly audit   picocolors: [ '1.1.1' ],
85 silly audit   'plugin-error': [ '1.0.1' ],
85 silly audit   'vinyl-sourcemaps-apply': [ '0.2.1' ],
85 silly audit   'ansi-colors': [ '1.1.0' ],
85 silly audit   'arr-diff': [ '4.0.0' ],
85 silly audit   'arr-union': [ '3.1.0' ],
85 silly audit   'extend-shallow': [ '3.0.2' ],
85 silly audit   'ansi-wrap': [ '0.1.0' ],
85 silly audit   'assign-symbols': [ '1.0.0' ],
85 silly audit   'is-extendable': [ '1.0.1' ],
85 silly audit   'source-map': [ '0.5.7' ]
85 silly audit }
86 verbose reify failed optional dependency C:\Users\Usuário\Documents\EBAC\python\Projeto 04\clone_disneyplus\node_modules\fsevents
87 silly reify mark deleted [
87 silly reify   'C:\\Users\\Usuário\\Documents\\EBAC\\python\\Projeto 04\\clone_disneyplus\\node_modules\\fsevents'
87 silly reify ]
88 verbose reify failed optional dependency C:\Users\Usuário\Documents\EBAC\python\Projeto 04\clone_disneyplus\node_modules\@parcel\watcher-win32-ia32
89 silly reify mark deleted [
89 silly reify   'C:\\Users\\Usuário\\Documents\\EBAC\\python\\Projeto 04\\clone_disneyplus\\node_modules\\@parcel\\watcher-win32-ia32'
89 silly reify ]
90 verbose reify failed optional dependency C:\Users\Usuário\Documents\EBAC\python\Projeto 04\clone_disneyplus\node_modules\@parcel\watcher-win32-arm64
91 silly reify mark deleted [
91 silly reify   'C:\\Users\\Usuário\\Documents\\EBAC\\python\\Projeto 04\\clone_disneyplus\\node_modules\\@parcel\\watcher-win32-arm64'
91 silly reify ]
92 verbose reify failed optional dependency C:\Users\Usuário\Documents\EBAC\python\Projeto 04\clone_disneyplus\node_modules\@parcel\watcher-linux-x64-musl
93 silly reify mark deleted [
93 silly reify   'C:\\Users\\Usuário\\Documents\\EBAC\\python\\Projeto 04\\clone_disneyplus\\node_modules\\@parcel\\watcher-linux-x64-musl'
93 silly reify ]
94 verbose reify failed optional dependency C:\Users\Usuário\Documents\EBAC\python\Projeto 04\clone_disneyplus\node_modules\@parcel\watcher-linux-x64-glibc
95 silly reify mark deleted [
95 silly reify   'C:\\Users\\Usuário\\Documents\\EBAC\\python\\Projeto 04\\clone_disneyplus\\node_modules\\@parcel\\watcher-linux-x64-glibc'
95 silly reify ]
96 verbose reify failed optional dependency C:\Users\Usuário\Documents\EBAC\python\Projeto 04\clone_disneyplus\node_modules\@parcel\watcher-linux-arm64-musl
97 silly reify mark deleted [
97 silly reify   'C:\\Users\\Usuário\\Documents\\EBAC\\python\\Projeto 04\\clone_disneyplus\\node_modules\\@parcel\\watcher-linux-arm64-musl'
97 silly reify ]
98 verbose reify failed optional dependency C:\Users\Usuário\Documents\EBAC\python\Projeto 04\clone_disneyplus\node_modules\@parcel\watcher-linux-arm64-glibc
99 silly reify mark deleted [
99 silly reify   'C:\\Users\\Usuário\\Documents\\EBAC\\python\\Projeto 04\\clone_disneyplus\\node_modules\\@parcel\\watcher-linux-arm64-glibc'
99 silly reify ]
100 verbose reify failed optional dependency C:\Users\Usuário\Documents\EBAC\python\Projeto 04\clone_disneyplus\node_modules\@parcel\watcher-linux-arm-musl
101 silly reify mark deleted [
101 silly reify   'C:\\Users\\Usuário\\Documents\\EBAC\\python\\Projeto 04\\clone_disneyplus\\node_modules\\@parcel\\watcher-linux-arm-musl'
101 silly reify ]
102 verbose reify failed optional dependency C:\Users\Usuário\Documents\EBAC\python\Projeto 04\clone_disneyplus\node_modules\@parcel\watcher-linux-arm-glibc
103 silly reify mark deleted [
103 silly reify   'C:\\Users\\Usuário\\Documents\\EBAC\\python\\Projeto 04\\clone_disneyplus\\node_modules\\@parcel\\watcher-linux-arm-glibc'
103 silly reify ]
104 verbose reify failed optional dependency C:\Users\Usuário\Documents\EBAC\python\Projeto 04\clone_disneyplus\node_modules\@parcel\watcher-freebsd-x64
105 silly reify mark deleted [
105 silly reify   'C:\\Users\\Usuário\\Documents\\EBAC\\python\\Projeto 04\\clone_disneyplus\\node_modules\\@parcel\\watcher-freebsd-x64'
105 silly reify ]
106 verbose reify failed optional dependency C:\Users\Usuário\Documents\EBAC\python\Projeto 04\clone_disneyplus\node_modules\@parcel\watcher-darwin-x64
107 silly reify mark deleted [
107 silly reify   'C:\\Users\\Usuário\\Documents\\EBAC\\python\\Projeto 04\\clone_disneyplus\\node_modules\\@parcel\\watcher-darwin-x64'
107 silly reify ]
108 verbose reify failed optional dependency C:\Users\Usuário\Documents\EBAC\python\Projeto 04\clone_disneyplus\node_modules\@parcel\watcher-darwin-arm64
109 silly reify mark deleted [
109 silly reify   'C:\\Users\\Usuário\\Documents\\EBAC\\python\\Projeto 04\\clone_disneyplus\\node_modules\\@parcel\\watcher-darwin-arm64'
109 silly reify ]
110 verbose reify failed optional dependency C:\Users\Usuário\Documents\EBAC\python\Projeto 04\clone_disneyplus\node_modules\@parcel\watcher-android-arm64
111 silly reify mark deleted [
111 silly reify   'C:\\Users\\Usuário\\Documents\\EBAC\\python\\Projeto 04\\clone_disneyplus\\node_modules\\@parcel\\watcher-android-arm64'
111 silly reify ]
112 http cache source-map@https://registry.npmjs.org/source-map/-/source-map-0.5.7.tgz 0ms (cache hit)
113 http cache is-extendable@https://registry.npmjs.org/is-extendable/-/is-extendable-1.0.1.tgz 0ms (cache hit)
114 http cache assign-symbols@https://registry.npmjs.org/assign-symbols/-/assign-symbols-1.0.0.tgz 0ms (cache hit)
115 http cache ansi-wrap@https://registry.npmjs.org/ansi-wrap/-/ansi-wrap-0.1.0.tgz 0ms (cache hit)
116 http cache arr-union@https://registry.npmjs.org/arr-union/-/arr-union-3.1.0.tgz 0ms (cache hit)
117 http cache arr-diff@https://registry.npmjs.org/arr-diff/-/arr-diff-4.0.0.tgz 0ms (cache hit)
118 http cache extend-shallow@https://registry.npmjs.org/extend-shallow/-/extend-shallow-3.0.2.tgz 0ms (cache hit)
119 http cache vinyl-sourcemaps-apply@https://registry.npmjs.org/vinyl-sourcemaps-apply/-/vinyl-sourcemaps-apply-0.2.1.tgz 0ms (cache hit)
120 http cache ansi-colors@https://registry.npmjs.org/ansi-colors/-/ansi-colors-1.1.0.tgz 0ms (cache hit)
121 http cache plugin-error@https://registry.npmjs.org/plugin-error/-/plugin-error-1.0.1.tgz 0ms (cache hit)
122 http cache picocolors@https://registry.npmjs.org/picocolors/-/picocolors-1.1.1.tgz 0ms (cache hit)
123 http cache lodash.clonedeep@https://registry.npmjs.org/lodash.clonedeep/-/lodash.clonedeep-4.5.0.tgz 0ms (cache hit)
124 http cache gulp-sass@https://registry.npmjs.org/gulp-sass/-/gulp-sass-5.1.0.tgz 0ms (cache hit)
125 http cache is-plain-object@https://registry.npmjs.org/is-plain-object/-/is-plain-object-2.0.4.tgz 0ms (cache hit)
126 silly tarball no local data for gulp-sass@https://registry.npmjs.org/gulp-sass/-/gulp-sass-5.1.0.tgz. Extracting by manifest.
127 http fetch GET 200 https://registry.npmjs.org/gulp-sass/-/gulp-sass-5.1.0.tgz 73ms (cache miss)
128 http fetch POST 200 https://registry.npmjs.org/-/npm/v1/security/advisories/bulk 215ms
129 silly audit report {}
130 silly ADD node_modules/source-map
131 silly ADD node_modules/is-extendable
132 silly ADD node_modules/is-extendable/node_modules/is-plain-object
133 silly ADD node_modules/assign-symbols
134 silly ADD node_modules/ansi-wrap
135 silly ADD node_modules/extend-shallow
136 silly ADD node_modules/arr-union
137 silly ADD node_modules/arr-diff
138 silly ADD node_modules/ansi-colors
139 silly ADD node_modules/vinyl-sourcemaps-apply
140 silly ADD node_modules/plugin-error
141 silly ADD node_modules/picocolors
142 silly ADD node_modules/lodash.clonedeep
143 silly ADD node_modules/gulp-sass
144 silly ADD
145 silly ADD
146 silly ADD
147 silly ADD
148 silly ADD
149 silly ADD
150 silly ADD
151 silly ADD
152 silly ADD
153 silly ADD
154 silly ADD
155 silly ADD
156 silly ADD
157 verbose cwd C:\Users\Usuário\Documents\EBAC\python\Projeto 04\clone_disneyplus
158 verbose os Windows_NT 10.0.19045
159 verbose node v22.14.0
160 verbose npm  v10.9.2
161 verbose exit 0
162 info ok
