0 verbose cli C:\Program Files\node.exe C:\Program Files\node_modules\npm\bin\npm-cli.js
1 info using npm@10.9.2
2 info using node@v22.14.0
3 silly config load:file:C:\Program Files\node_modules\npm\npmrc
4 silly config load:file:C:\Users\Usuário\Documents\EBAC\python\Projeto 04\clone_disneyplus\.npmrc
5 silly config load:file:C:\Users\Usuário\.npmrc
6 silly config load:file:C:\Users\Usuário\AppData\Roaming\npm\etc\npmrc
7 verbose title npm uninstall gulp-sass
8 verbose argv "uninstall" "gulp-sass"
9 verbose logfile logs-max:10 dir:C:\Users\Usuário\Documents\EBAC\python\Projeto 04\clone_disneyplus\UsersDESKTOP-U9J66QUAppDataLocalnpm-cache\_logs\2025-03-26T17_56_37_762Z-
10 verbose logfile C:\Users\Usuário\Documents\EBAC\python\Projeto 04\clone_disneyplus\UsersDESKTOP-U9J66QUAppDataLocalnpm-cache\_logs\2025-03-26T17_56_37_762Z-debug-0.log
11 silly logfile done cleaning log files
12 silly packumentCache heap:4345298944 maxSize:1086324736 maxEntrySize:543162368
13 silly idealTree buildDeps
14 silly reify mark retired [
14 silly reify   'C:\\Users\\Usuário\\Documents\\EBAC\\python\\Projeto 04\\clone_disneyplus\\node_modules\\ansi-colors'
14 silly reify ]
15 silly reify mark retired [
15 silly reify   'C:\\Users\\Usuário\\Documents\\EBAC\\python\\Projeto 04\\clone_disneyplus\\node_modules\\ansi-wrap'
15 silly reify ]
16 silly reify mark retired [
16 silly reify   'C:\\Users\\Usuário\\Documents\\EBAC\\python\\Projeto 04\\clone_disneyplus\\node_modules\\arr-diff'
16 silly reify ]
17 silly reify mark retired [
17 silly reify   'C:\\Users\\Usuário\\Documents\\EBAC\\python\\Projeto 04\\clone_disneyplus\\node_modules\\arr-union'
17 silly reify ]
18 silly reify mark retired [
18 silly reify   'C:\\Users\\Usuário\\Documents\\EBAC\\python\\Projeto 04\\clone_disneyplus\\node_modules\\assign-symbols'
18 silly reify ]
19 silly reify mark retired [
19 silly reify   'C:\\Users\\Usuário\\Documents\\EBAC\\python\\Projeto 04\\clone_disneyplus\\node_modules\\extend-shallow'
19 silly reify ]
20 silly reify mark retired [
20 silly reify   'C:\\Users\\Usuário\\Documents\\EBAC\\python\\Projeto 04\\clone_disneyplus\\node_modules\\gulp-sass'
20 silly reify ]
21 silly reify mark retired [
21 silly reify   'C:\\Users\\Usuário\\Documents\\EBAC\\python\\Projeto 04\\clone_disneyplus\\node_modules\\is-extendable'
21 silly reify ]
22 silly reify mark retired [
22 silly reify   'C:\\Users\\Usuário\\Documents\\EBAC\\python\\Projeto 04\\clone_disneyplus\\node_modules\\lodash.clonedeep'
22 silly reify ]
23 silly reify mark retired [
23 silly reify   'C:\\Users\\Usuário\\Documents\\EBAC\\python\\Projeto 04\\clone_disneyplus\\node_modules\\picocolors'
23 silly reify ]
24 silly reify mark retired [
24 silly reify   'C:\\Users\\Usuário\\Documents\\EBAC\\python\\Projeto 04\\clone_disneyplus\\node_modules\\plugin-error'
24 silly reify ]
25 silly reify mark retired [
25 silly reify   'C:\\Users\\Usuário\\Documents\\EBAC\\python\\Projeto 04\\clone_disneyplus\\node_modules\\source-map'
25 silly reify ]
26 silly reify mark retired [
26 silly reify   'C:\\Users\\Usuário\\Documents\\EBAC\\python\\Projeto 04\\clone_disneyplus\\node_modules\\vinyl-sourcemaps-apply'
26 silly reify ]
27 silly reify moves {
27 silly reify   'C:\\Users\\Usuário\\Documents\\EBAC\\python\\Projeto 04\\clone_disneyplus\\node_modules\\ansi-colors': 'C:\\Users\\Usuário\\Documents\\EBAC\\python\\Projeto 04\\clone_disneyplus\\node_modules\\.ansi-colors-uBOU0L3A',
27 silly reify   'C:\\Users\\Usuário\\Documents\\EBAC\\python\\Projeto 04\\clone_disneyplus\\node_modules\\ansi-wrap': 'C:\\Users\\Usuário\\Documents\\EBAC\\python\\Projeto 04\\clone_disneyplus\\node_modules\\.ansi-wrap-7SUWZUy5',
27 silly reify   'C:\\Users\\Usuário\\Documents\\EBAC\\python\\Projeto 04\\clone_disneyplus\\node_modules\\arr-diff': 'C:\\Users\\Usuário\\Documents\\EBAC\\python\\Projeto 04\\clone_disneyplus\\node_modules\\.arr-diff-t8UPDI4q',
27 silly reify   'C:\\Users\\Usuário\\Documents\\EBAC\\python\\Projeto 04\\clone_disneyplus\\node_modules\\arr-union': 'C:\\Users\\Usuário\\Documents\\EBAC\\python\\Projeto 04\\clone_disneyplus\\node_modules\\.arr-union-3nGtjTkG',
27 silly reify   'C:\\Users\\Usuário\\Documents\\EBAC\\python\\Projeto 04\\clone_disneyplus\\node_modules\\assign-symbols': 'C:\\Users\\Usuário\\Documents\\EBAC\\python\\Projeto 04\\clone_disneyplus\\node_modules\\.assign-symbols-0mIVj6X8',
27 silly reify   'C:\\Users\\Usuário\\Documents\\EBAC\\python\\Projeto 04\\clone_disneyplus\\node_modules\\extend-shallow': 'C:\\Users\\Usuário\\Documents\\EBAC\\python\\Projeto 04\\clone_disneyplus\\node_modules\\.extend-shallow-wHnipbHk',
27 silly reify   'C:\\Users\\Usuário\\Documents\\EBAC\\python\\Projeto 04\\clone_disneyplus\\node_modules\\gulp-sass': 'C:\\Users\\Usuário\\Documents\\EBAC\\python\\Projeto 04\\clone_disneyplus\\node_modules\\.gulp-sass-dKV2zeGj',
27 silly reify   'C:\\Users\\Usuário\\Documents\\EBAC\\python\\Projeto 04\\clone_disneyplus\\node_modules\\is-extendable': 'C:\\Users\\Usuário\\Documents\\EBAC\\python\\Projeto 04\\clone_disneyplus\\node_modules\\.is-extendable-FM5nEU6A',
27 silly reify   'C:\\Users\\Usuário\\Documents\\EBAC\\python\\Projeto 04\\clone_disneyplus\\node_modules\\lodash.clonedeep': 'C:\\Users\\Usuário\\Documents\\EBAC\\python\\Projeto 04\\clone_disneyplus\\node_modules\\.lodash.clonedeep-YQ71mwC2',
27 silly reify   'C:\\Users\\Usuário\\Documents\\EBAC\\python\\Projeto 04\\clone_disneyplus\\node_modules\\picocolors': 'C:\\Users\\Usuário\\Documents\\EBAC\\python\\Projeto 04\\clone_disneyplus\\node_modules\\.picocolors-PrYRA0VT',
27 silly reify   'C:\\Users\\Usuário\\Documents\\EBAC\\python\\Projeto 04\\clone_disneyplus\\node_modules\\plugin-error': 'C:\\Users\\Usuário\\Documents\\EBAC\\python\\Projeto 04\\clone_disneyplus\\node_modules\\.plugin-error-ClRcaeLx',
27 silly reify   'C:\\Users\\Usuário\\Documents\\EBAC\\python\\Projeto 04\\clone_disneyplus\\node_modules\\source-map': 'C:\\Users\\Usuário\\Documents\\EBAC\\python\\Projeto 04\\clone_disneyplus\\node_modules\\.source-map-PpRWLiXQ',
27 silly reify   'C:\\Users\\Usuário\\Documents\\EBAC\\python\\Projeto 04\\clone_disneyplus\\node_modules\\vinyl-sourcemaps-apply': 'C:\\Users\\Usuário\\Documents\\EBAC\\python\\Projeto 04\\clone_disneyplus\\node_modules\\.vinyl-sourcemaps-apply-ytqJUjO1'
27 silly reify }
28 silly audit bulk request {
28 silly audit   '@gulpjs/messages': [ '1.1.0' ],
28 silly audit   '@gulpjs/to-absolute-glob': [ '4.0.0' ],
28 silly audit   '@parcel/watcher': [ '2.5.1' ],
28 silly audit   '@parcel/watcher-android-arm64': [ '2.5.1' ],
28 silly audit   '@parcel/watcher-darwin-arm64': [ '2.5.1' ],
28 silly audit   '@parcel/watcher-darwin-x64': [ '2.5.1' ],
28 silly audit   '@parcel/watcher-freebsd-x64': [ '2.5.1' ],
28 silly audit   '@parcel/watcher-linux-arm-glibc': [ '2.5.1' ],
28 silly audit   '@parcel/watcher-linux-arm-musl': [ '2.5.1' ],
28 silly audit   '@parcel/watcher-linux-arm64-glibc': [ '2.5.1' ],
28 silly audit   '@parcel/watcher-linux-arm64-musl': [ '2.5.1' ],
28 silly audit   '@parcel/watcher-linux-x64-glibc': [ '2.5.1' ],
28 silly audit   '@parcel/watcher-linux-x64-musl': [ '2.5.1' ],
28 silly audit   '@parcel/watcher-win32-arm64': [ '2.5.1' ],
28 silly audit   '@parcel/watcher-win32-ia32': [ '2.5.1' ],
28 silly audit   '@parcel/watcher-win32-x64': [ '2.5.1' ],
28 silly audit   'ansi-regex': [ '5.0.1' ],
28 silly audit   'ansi-styles': [ '4.3.0' ],
28 silly audit   anymatch: [ '3.1.3' ],
28 silly audit   'array-each': [ '1.0.1' ],
28 silly audit   'array-slice': [ '1.1.0' ],
28 silly audit   'async-done': [ '2.0.0' ],
28 silly audit   'async-settle': [ '2.0.0' ],
28 silly audit   b4a: [ '1.6.7' ],
28 silly audit   bach: [ '2.0.1' ],
28 silly audit   'bare-events': [ '2.5.4' ],
28 silly audit   'base64-js': [ '1.5.1' ],
28 silly audit   'binary-extensions': [ '2.3.0' ],
28 silly audit   bl: [ '5.1.0' ],
28 silly audit   braces: [ '3.0.3' ],
28 silly audit   buffer: [ '6.0.3' ],
28 silly audit   chalk: [ '4.1.2' ],
28 silly audit   chokidar: [ '3.6.0', '4.0.3' ],
28 silly audit   cliui: [ '7.0.4' ],
28 silly audit   clone: [ '2.1.2' ],
28 silly audit   'clone-stats': [ '1.0.0' ],
28 silly audit   'color-convert': [ '2.0.1' ],
28 silly audit   'color-name': [ '1.1.4' ],
28 silly audit   'convert-source-map': [ '2.0.0' ],
28 silly audit   'copy-props': [ '4.0.0' ],
28 silly audit   'detect-file': [ '1.0.0' ],
28 silly audit   'detect-libc': [ '1.0.3' ],
28 silly audit   'each-props': [ '3.0.0' ],
28 silly audit   'emoji-regex': [ '8.0.0' ],
28 silly audit   'end-of-stream': [ '1.4.4' ],
28 silly audit   escalade: [ '3.2.0' ],
28 silly audit   'expand-tilde': [ '2.0.2' ],
28 silly audit   extend: [ '3.0.2' ],
28 silly audit   'fast-fifo': [ '1.3.2' ],
28 silly audit   'fast-levenshtein': [ '3.0.0' ],
28 silly audit   'fastest-levenshtein': [ '1.0.16' ],
28 silly audit   fastq: [ '1.19.1' ],
28 silly audit   'fill-range': [ '7.1.1' ],
28 silly audit   'findup-sync': [ '5.0.0' ],
28 silly audit   fined: [ '2.0.0' ],
28 silly audit   'flagged-respawn': [ '2.0.0' ],
28 silly audit   'for-in': [ '1.0.2' ],
28 silly audit   'for-own': [ '1.0.0' ],
28 silly audit   'fs-mkdirp-stream': [ '2.0.1' ],
28 silly audit   fsevents: [ '2.3.3' ],
28 silly audit   'function-bind': [ '1.1.2' ],
28 silly audit   'get-caller-file': [ '2.0.5' ],
28 silly audit   'glob-parent': [ '5.1.2', '6.0.2' ],
28 silly audit   'glob-stream': [ '8.0.2' ],
28 silly audit   'glob-watcher': [ '6.0.0' ],
28 silly audit   'global-modules': [ '1.0.0' ],
28 silly audit   'global-prefix': [ '1.0.2' ],
28 silly audit   glogg: [ '2.2.0' ],
28 silly audit   'graceful-fs': [ '4.2.11' ],
28 silly audit   gulp: [ '5.0.0' ],
28 silly audit   'gulp-cli': [ '3.0.0' ],
28 silly audit   gulplog: [ '2.2.0' ],
28 silly audit   'has-flag': [ '4.0.0' ],
28 silly audit   hasown: [ '2.0.2' ],
28 silly audit   'homedir-polyfill': [ '1.0.3' ],
28 silly audit   'iconv-lite': [ '0.6.3' ],
28 silly audit   ieee754: [ '1.2.1' ],
28 silly audit   immutable: [ '5.1.1' ],
28 silly audit   inherits: [ '2.0.4' ],
28 silly audit   ini: [ '1.3.8' ],
28 silly audit   interpret: [ '3.1.1' ],
28 silly audit   'is-absolute': [ '1.0.0' ],
28 silly audit   'is-binary-path': [ '2.1.0' ],
28 silly audit   'is-core-module': [ '2.16.1' ],
28 silly audit   'is-plain-object': [ '5.0.0' ],
28 silly audit   'is-extglob': [ '2.1.1' ],
28 silly audit   'is-fullwidth-code-point': [ '3.0.0' ],
28 silly audit   'is-glob': [ '4.0.3' ],
28 silly audit   'is-negated-glob': [ '1.0.0' ],
28 silly audit   'is-number': [ '7.0.0' ],
28 silly audit   'is-relative': [ '1.0.0' ],
28 silly audit   'is-unc-path': [ '1.0.0' ],
28 silly audit   'is-valid-glob': [ '1.0.0' ],
28 silly audit   'is-windows': [ '1.0.2' ],
28 silly audit   isexe: [ '2.0.0' ],
28 silly audit   isobject: [ '3.0.1' ],
28 silly audit   'last-run': [ '2.0.0' ],
28 silly audit   lead: [ '4.0.0' ],
28 silly audit   liftoff: [ '5.0.0' ],
28 silly audit   'map-cache': [ '0.2.2' ],
28 silly audit   micromatch: [ '4.0.8' ],
28 silly audit   'mute-stdout': [ '2.0.0' ],
28 silly audit   'node-addon-api': [ '7.1.1' ],
28 silly audit   'normalize-path': [ '3.0.0' ],
28 silly audit   'now-and-later': [ '3.0.0' ],
28 silly audit   'object.defaults': [ '1.1.0' ],
28 silly audit   'object.pick': [ '1.3.0' ],
28 silly audit   once: [ '1.4.0' ],
28 silly audit   'parse-filepath': [ '1.0.2' ],
28 silly audit   'parse-passwd': [ '1.0.0' ],
28 silly audit   'path-parse': [ '1.0.7' ],
28 silly audit   'path-root': [ '0.1.1' ],
28 silly audit   'path-root-regex': [ '0.1.2' ],
28 silly audit   picomatch: [ '2.3.1' ],
28 silly audit   'readable-stream': [ '3.6.2' ],
28 silly audit   readdirp: [ '3.6.0', '4.1.2' ],
28 silly audit   rechoir: [ '0.8.0' ],
28 silly audit   'remove-trailing-separator': [ '1.1.0' ],
28 silly audit   'replace-ext': [ '2.0.0' ],
28 silly audit   'replace-homedir': [ '2.0.0' ],
28 silly audit   'require-directory': [ '2.1.1' ],
28 silly audit   resolve: [ '1.22.10' ],
28 silly audit   'resolve-dir': [ '1.0.1' ],
28 silly audit   'resolve-options': [ '2.0.0' ],
28 silly audit   reusify: [ '1.1.0' ],
28 silly audit   'safe-buffer': [ '5.2.1' ],
28 silly audit   'safer-buffer': [ '2.1.2' ],
28 silly audit   sass: [ '1.86.0' ],
28 silly audit   semver: [ '6.3.1' ],
28 silly audit   'semver-greatest-satisfied-range': [ '2.0.0' ],
28 silly audit   'source-map-js': [ '1.2.1' ],
28 silly audit   sparkles: [ '2.1.0' ],
28 silly audit   'stream-composer': [ '1.0.2' ],
28 silly audit   'stream-exhaust': [ '1.0.2' ],
28 silly audit   streamx: [ '2.22.0' ],
28 silly audit   string_decoder: [ '1.3.0' ],
28 silly audit   'string-width': [ '4.2.3' ],
28 silly audit   'strip-ansi': [ '6.0.1' ],
28 silly audit   'supports-color': [ '7.2.0' ],
28 silly audit   'supports-preserve-symlinks-flag': [ '1.0.0' ],
28 silly audit   sver: [ '1.8.4' ],
28 silly audit   teex: [ '1.0.1' ],
28 silly audit   'text-decoder': [ '1.2.3' ],
28 silly audit   'to-regex-range': [ '5.0.1' ],
28 silly audit   'to-through': [ '3.0.0' ],
28 silly audit   'unc-path-regex': [ '0.1.2' ],
28 silly audit   undertaker: [ '2.0.0' ],
28 silly audit   'undertaker-registry': [ '2.0.0' ],
28 silly audit   'util-deprecate': [ '1.0.2' ],
28 silly audit   v8flags: [ '4.0.1' ],
28 silly audit   'value-or-function': [ '4.0.0' ],
28 silly audit   vinyl: [ '3.0.0' ],
28 silly audit   'vinyl-contents': [ '2.0.0' ],
28 silly audit   'vinyl-fs': [ '4.0.0' ],
28 silly audit   'vinyl-sourcemap': [ '2.0.0' ],
28 silly audit   which: [ '1.3.1' ],
28 silly audit   'wrap-ansi': [ '7.0.0' ],
28 silly audit   wrappy: [ '1.0.2' ],
28 silly audit   y18n: [ '5.0.8' ],
28 silly audit   yargs: [ '16.2.0' ],
28 silly audit   'yargs-parser': [ '20.2.9' ]
28 silly audit }
29 verbose reify failed optional dependency C:\Users\Usuário\Documents\EBAC\python\Projeto 04\clone_disneyplus\node_modules\fsevents
30 silly reify mark deleted [
30 silly reify   'C:\\Users\\Usuário\\Documents\\EBAC\\python\\Projeto 04\\clone_disneyplus\\node_modules\\fsevents'
30 silly reify ]
31 verbose reify failed optional dependency C:\Users\Usuário\Documents\EBAC\python\Projeto 04\clone_disneyplus\node_modules\@parcel\watcher-win32-ia32
32 silly reify mark deleted [
32 silly reify   'C:\\Users\\Usuário\\Documents\\EBAC\\python\\Projeto 04\\clone_disneyplus\\node_modules\\@parcel\\watcher-win32-ia32'
32 silly reify ]
33 verbose reify failed optional dependency C:\Users\Usuário\Documents\EBAC\python\Projeto 04\clone_disneyplus\node_modules\@parcel\watcher-win32-arm64
34 silly reify mark deleted [
34 silly reify   'C:\\Users\\Usuário\\Documents\\EBAC\\python\\Projeto 04\\clone_disneyplus\\node_modules\\@parcel\\watcher-win32-arm64'
34 silly reify ]
35 verbose reify failed optional dependency C:\Users\Usuário\Documents\EBAC\python\Projeto 04\clone_disneyplus\node_modules\@parcel\watcher-linux-x64-musl
36 silly reify mark deleted [
36 silly reify   'C:\\Users\\Usuário\\Documents\\EBAC\\python\\Projeto 04\\clone_disneyplus\\node_modules\\@parcel\\watcher-linux-x64-musl'
36 silly reify ]
37 verbose reify failed optional dependency C:\Users\Usuário\Documents\EBAC\python\Projeto 04\clone_disneyplus\node_modules\@parcel\watcher-linux-x64-glibc
38 silly reify mark deleted [
38 silly reify   'C:\\Users\\Usuário\\Documents\\EBAC\\python\\Projeto 04\\clone_disneyplus\\node_modules\\@parcel\\watcher-linux-x64-glibc'
38 silly reify ]
39 verbose reify failed optional dependency C:\Users\Usuário\Documents\EBAC\python\Projeto 04\clone_disneyplus\node_modules\@parcel\watcher-linux-arm64-musl
40 silly reify mark deleted [
40 silly reify   'C:\\Users\\Usuário\\Documents\\EBAC\\python\\Projeto 04\\clone_disneyplus\\node_modules\\@parcel\\watcher-linux-arm64-musl'
40 silly reify ]
41 verbose reify failed optional dependency C:\Users\Usuário\Documents\EBAC\python\Projeto 04\clone_disneyplus\node_modules\@parcel\watcher-linux-arm64-glibc
42 silly reify mark deleted [
42 silly reify   'C:\\Users\\Usuário\\Documents\\EBAC\\python\\Projeto 04\\clone_disneyplus\\node_modules\\@parcel\\watcher-linux-arm64-glibc'
42 silly reify ]
43 verbose reify failed optional dependency C:\Users\Usuário\Documents\EBAC\python\Projeto 04\clone_disneyplus\node_modules\@parcel\watcher-linux-arm-musl
44 silly reify mark deleted [
44 silly reify   'C:\\Users\\Usuário\\Documents\\EBAC\\python\\Projeto 04\\clone_disneyplus\\node_modules\\@parcel\\watcher-linux-arm-musl'
44 silly reify ]
45 verbose reify failed optional dependency C:\Users\Usuário\Documents\EBAC\python\Projeto 04\clone_disneyplus\node_modules\@parcel\watcher-linux-arm-glibc
46 silly reify mark deleted [
46 silly reify   'C:\\Users\\Usuário\\Documents\\EBAC\\python\\Projeto 04\\clone_disneyplus\\node_modules\\@parcel\\watcher-linux-arm-glibc'
46 silly reify ]
47 verbose reify failed optional dependency C:\Users\Usuário\Documents\EBAC\python\Projeto 04\clone_disneyplus\node_modules\@parcel\watcher-freebsd-x64
48 silly reify mark deleted [
48 silly reify   'C:\\Users\\Usuário\\Documents\\EBAC\\python\\Projeto 04\\clone_disneyplus\\node_modules\\@parcel\\watcher-freebsd-x64'
48 silly reify ]
49 verbose reify failed optional dependency C:\Users\Usuário\Documents\EBAC\python\Projeto 04\clone_disneyplus\node_modules\@parcel\watcher-darwin-x64
50 silly reify mark deleted [
50 silly reify   'C:\\Users\\Usuário\\Documents\\EBAC\\python\\Projeto 04\\clone_disneyplus\\node_modules\\@parcel\\watcher-darwin-x64'
50 silly reify ]
51 verbose reify failed optional dependency C:\Users\Usuário\Documents\EBAC\python\Projeto 04\clone_disneyplus\node_modules\@parcel\watcher-darwin-arm64
52 silly reify mark deleted [
52 silly reify   'C:\\Users\\Usuário\\Documents\\EBAC\\python\\Projeto 04\\clone_disneyplus\\node_modules\\@parcel\\watcher-darwin-arm64'
52 silly reify ]
53 verbose reify failed optional dependency C:\Users\Usuário\Documents\EBAC\python\Projeto 04\clone_disneyplus\node_modules\@parcel\watcher-android-arm64
54 silly reify mark deleted [
54 silly reify   'C:\\Users\\Usuário\\Documents\\EBAC\\python\\Projeto 04\\clone_disneyplus\\node_modules\\@parcel\\watcher-android-arm64'
54 silly reify ]
55 http fetch POST 200 https://registry.npmjs.org/-/npm/v1/security/advisories/bulk 441ms
56 silly audit report {}
57 silly ADD
58 silly ADD
59 silly ADD
60 silly ADD
61 silly ADD
62 silly ADD
63 silly ADD
64 silly ADD
65 silly ADD
66 silly ADD
67 silly ADD
68 silly ADD
69 silly ADD
70 silly REMOVE node_modules/vinyl-sourcemaps-apply
71 silly REMOVE node_modules/source-map
72 silly REMOVE node_modules/plugin-error
73 silly REMOVE node_modules/picocolors
74 silly REMOVE node_modules/lodash.clonedeep
75 silly REMOVE node_modules/is-extendable
76 silly REMOVE node_modules/is-extendable/node_modules/is-plain-object
77 silly REMOVE node_modules/gulp-sass
78 silly REMOVE node_modules/extend-shallow
79 silly REMOVE node_modules/assign-symbols
80 silly REMOVE node_modules/arr-union
81 silly REMOVE node_modules/arr-diff
82 silly REMOVE node_modules/ansi-wrap
83 silly REMOVE node_modules/ansi-colors
84 verbose cwd C:\Users\Usuário\Documents\EBAC\python\Projeto 04\clone_disneyplus
85 verbose os Windows_NT 10.0.19045
86 verbose node v22.14.0
87 verbose npm  v10.9.2
88 verbose exit 0
89 info ok
